<?xml version="1.0" encoding="UTF-8"?>
<coverage generated="1636710482283" clover="3.2.0">
  <project timestamp="1636710482283" name="All files">
    <metrics statements="42" coveredstatements="42" conditionals="20" coveredconditionals="20" methods="24" coveredmethods="24" elements="86" coveredelements="86" complexity="0" loc="42" ncloc="42" packages="1" files="1" classes="1"/>
    <file name="minesweeper.js" path="/Users/vladkalachev/Desktop/dev/JavaScript-Simplified-Advanced-Projects/34-Minesweeper-Functional-Programming-Project/minesweeper.js">
      <metrics statements="42" coveredstatements="42" conditionals="20" coveredconditionals="20" methods="24" coveredmethods="24"/>
      <line num="4" count="1" type="stmt"/>
      <line num="12" count="1" type="stmt"/>
      <line num="13" count="2" type="stmt"/>
      <line num="14" count="4" type="stmt"/>
      <line num="25" count="3" type="stmt"/>
      <line num="26" count="6" type="stmt"/>
      <line num="27" count="12" type="stmt"/>
      <line num="33" count="4" type="stmt"/>
      <line num="34" count="4" type="cond" truecount="2" falsecount="0"/>
      <line num="38" count="2" type="stmt"/>
      <line num="41" count="2" type="cond" truecount="2" falsecount="0"/>
      <line num="42" count="1" type="stmt"/>
      <line num="48" count="1" type="stmt"/>
      <line num="57" count="12" type="stmt"/>
      <line num="58" count="32" type="stmt"/>
      <line num="59" count="88" type="cond" truecount="2" falsecount="0"/>
      <line num="60" count="12" type="stmt"/>
      <line num="62" count="76" type="stmt"/>
      <line num="68" count="30" type="stmt"/>
      <line num="69" count="30" type="cond" truecount="2" falsecount="0"/>
      <line num="70" count="20" type="stmt"/>
      <line num="73" count="10" type="cond" truecount="2" falsecount="0"/>
      <line num="74" count="1" type="stmt"/>
      <line num="77" count="9" type="stmt"/>
      <line num="78" count="49" type="stmt"/>
      <line num="79" count="9" type="stmt"/>
      <line num="84" count="9" type="cond" truecount="2" falsecount="0"/>
      <line num="85" count="5" type="stmt"/>
      <line num="86" count="24" type="stmt"/>
      <line num="89" count="4" type="stmt"/>
      <line num="93" count="2" type="stmt"/>
      <line num="94" count="4" type="stmt"/>
      <line num="95" count="7" type="stmt"/>
      <line num="106" count="2" type="stmt"/>
      <line num="107" count="3" type="stmt"/>
      <line num="108" count="5" type="stmt"/>
      <line num="114" count="93" type="cond" truecount="2" falsecount="0"/>
      <line num="118" count="9" type="stmt"/>
      <line num="120" count="9" type="stmt"/>
      <line num="122" count="27" type="stmt"/>
      <line num="123" count="81" type="stmt"/>
      <line num="126" count="81" type="stmt"/>
    </file>
  </project>
</coverage>
