{"/Users/vladkalachev/Desktop/dev/JavaScript-Simplified-Advanced-Projects/34-Minesweeper-Functional-Programming-Project/minesweeper.js": {"path":"/Users/vladkalachev/Desktop/dev/JavaScript-Simplified-Advanced-Projects/34-Minesweeper-Functional-Programming-Project/minesweeper.js","statementMap":{"0":{"start":{"line":4,"column":29},"end":{"line":9,"column":1}},"1":{"start":{"line":12,"column":2},"end":{"line":21,"column":15}},"2":{"start":{"line":13,"column":4},"end":{"line":20,"column":17}},"3":{"start":{"line":14,"column":6},"end":{"line":19,"column":7}},"4":{"start":{"line":25,"column":2},"end":{"line":29,"column":7}},"5":{"start":{"line":26,"column":4},"end":{"line":28,"column":5}},"6":{"start":{"line":27,"column":33},"end":{"line":27,"column":69}},"7":{"start":{"line":33,"column":15},"end":{"line":33,"column":26}},"8":{"start":{"line":34,"column":2},"end":{"line":39,"column":3}},"9":{"start":{"line":38,"column":4},"end":{"line":38,"column":16}},"10":{"start":{"line":41,"column":2},"end":{"line":53,"column":3}},"11":{"start":{"line":42,"column":4},"end":{"line":46,"column":5}},"12":{"start":{"line":48,"column":4},"end":{"line":52,"column":5}},"13":{"start":{"line":57,"column":2},"end":{"line":64,"column":4}},"14":{"start":{"line":58,"column":4},"end":{"line":63,"column":6}},"15":{"start":{"line":59,"column":6},"end":{"line":61,"column":7}},"16":{"start":{"line":60,"column":8},"end":{"line":60,"column":22}},"17":{"start":{"line":62,"column":6},"end":{"line":62,"column":17}},"18":{"start":{"line":68,"column":15},"end":{"line":68,"column":26}},"19":{"start":{"line":69,"column":2},"end":{"line":71,"column":3}},"20":{"start":{"line":70,"column":4},"end":{"line":70,"column":16}},"21":{"start":{"line":73,"column":2},"end":{"line":75,"column":3}},"22":{"start":{"line":74,"column":4},"end":{"line":74,"column":80}},"23":{"start":{"line":77,"column":24},"end":{"line":77,"column":48}},"24":{"start":{"line":78,"column":16},"end":{"line":78,"column":49}},"25":{"start":{"line":78,"column":42},"end":{"line":78,"column":48}},"26":{"start":{"line":79,"column":19},"end":{"line":83,"column":3}},"27":{"start":{"line":84,"column":2},"end":{"line":88,"column":3}},"28":{"start":{"line":85,"column":4},"end":{"line":87,"column":16}},"29":{"start":{"line":86,"column":6},"end":{"line":86,"column":29}},"30":{"start":{"line":89,"column":2},"end":{"line":89,"column":17}},"31":{"start":{"line":93,"column":2},"end":{"line":102,"column":4}},"32":{"start":{"line":94,"column":4},"end":{"line":101,"column":6}},"33":{"start":{"line":95,"column":6},"end":{"line":100,"column":7}},"34":{"start":{"line":106,"column":2},"end":{"line":110,"column":4}},"35":{"start":{"line":107,"column":4},"end":{"line":109,"column":6}},"36":{"start":{"line":108,"column":6},"end":{"line":108,"column":47}},"37":{"start":{"line":114,"column":2},"end":{"line":114,"column":35}},"38":{"start":{"line":118,"column":18},"end":{"line":118,"column":30}},"39":{"start":{"line":120,"column":2},"end":{"line":126,"column":33}},"40":{"start":{"line":122,"column":6},"end":{"line":124,"column":8}},"41":{"start":{"line":123,"column":8},"end":{"line":123,"column":48}},"42":{"start":{"line":126,"column":20},"end":{"line":126,"column":32}}},"fnMap":{"0":{"name":"createBoard","decl":{"start":{"line":11,"column":16},"end":{"line":11,"column":27}},"loc":{"start":{"line":11,"column":54},"end":{"line":22,"column":1}},"line":11},"1":{"name":"(anonymous_1)","decl":{"start":{"line":12,"column":15},"end":{"line":12,"column":16}},"loc":{"start":{"line":12,"column":20},"end":{"line":21,"column":3}},"line":12},"2":{"name":"(anonymous_2)","decl":{"start":{"line":13,"column":17},"end":{"line":13,"column":18}},"loc":{"start":{"line":13,"column":22},"end":{"line":20,"column":5}},"line":13},"3":{"name":"markedTilesCount","decl":{"start":{"line":24,"column":16},"end":{"line":24,"column":32}},"loc":{"start":{"line":24,"column":40},"end":{"line":30,"column":1}},"line":24},"4":{"name":"(anonymous_4)","decl":{"start":{"line":25,"column":22},"end":{"line":25,"column":23}},"loc":{"start":{"line":25,"column":38},"end":{"line":29,"column":3}},"line":25},"5":{"name":"(anonymous_5)","decl":{"start":{"line":27,"column":25},"end":{"line":27,"column":26}},"loc":{"start":{"line":27,"column":33},"end":{"line":27,"column":69}},"line":27},"6":{"name":"markTile","decl":{"start":{"line":32,"column":16},"end":{"line":32,"column":24}},"loc":{"start":{"line":32,"column":42},"end":{"line":54,"column":1}},"line":32},"7":{"name":"replaceTile","decl":{"start":{"line":56,"column":9},"end":{"line":56,"column":20}},"loc":{"start":{"line":56,"column":47},"end":{"line":65,"column":1}},"line":56},"8":{"name":"(anonymous_8)","decl":{"start":{"line":57,"column":19},"end":{"line":57,"column":20}},"loc":{"start":{"line":57,"column":31},"end":{"line":64,"column":3}},"line":57},"9":{"name":"(anonymous_9)","decl":{"start":{"line":58,"column":19},"end":{"line":58,"column":20}},"loc":{"start":{"line":58,"column":32},"end":{"line":63,"column":5}},"line":58},"10":{"name":"revealTile","decl":{"start":{"line":67,"column":16},"end":{"line":67,"column":26}},"loc":{"start":{"line":67,"column":44},"end":{"line":90,"column":1}},"line":67},"11":{"name":"(anonymous_11)","decl":{"start":{"line":78,"column":37},"end":{"line":78,"column":38}},"loc":{"start":{"line":78,"column":42},"end":{"line":78,"column":48}},"line":78},"12":{"name":"(anonymous_12)","decl":{"start":{"line":85,"column":32},"end":{"line":85,"column":33}},"loc":{"start":{"line":85,"column":42},"end":{"line":87,"column":5}},"line":85},"13":{"name":"checkWin","decl":{"start":{"line":92,"column":16},"end":{"line":92,"column":24}},"loc":{"start":{"line":92,"column":32},"end":{"line":103,"column":1}},"line":92},"14":{"name":"(anonymous_14)","decl":{"start":{"line":93,"column":21},"end":{"line":93,"column":22}},"loc":{"start":{"line":93,"column":28},"end":{"line":102,"column":3}},"line":93},"15":{"name":"(anonymous_15)","decl":{"start":{"line":94,"column":21},"end":{"line":94,"column":22}},"loc":{"start":{"line":94,"column":29},"end":{"line":101,"column":5}},"line":94},"16":{"name":"checkLose","decl":{"start":{"line":105,"column":16},"end":{"line":105,"column":25}},"loc":{"start":{"line":105,"column":33},"end":{"line":111,"column":1}},"line":105},"17":{"name":"(anonymous_17)","decl":{"start":{"line":106,"column":20},"end":{"line":106,"column":21}},"loc":{"start":{"line":106,"column":27},"end":{"line":110,"column":3}},"line":106},"18":{"name":"(anonymous_18)","decl":{"start":{"line":107,"column":20},"end":{"line":107,"column":21}},"loc":{"start":{"line":107,"column":28},"end":{"line":109,"column":5}},"line":107},"19":{"name":"positionMatch","decl":{"start":{"line":113,"column":16},"end":{"line":113,"column":29}},"loc":{"start":{"line":113,"column":36},"end":{"line":115,"column":1}},"line":113},"20":{"name":"nearbyTiles","decl":{"start":{"line":117,"column":9},"end":{"line":117,"column":20}},"loc":{"start":{"line":117,"column":38},"end":{"line":127,"column":1}},"line":117},"21":{"name":"(anonymous_21)","decl":{"start":{"line":121,"column":13},"end":{"line":121,"column":14}},"loc":{"start":{"line":121,"column":24},"end":{"line":125,"column":5}},"line":121},"22":{"name":"(anonymous_22)","decl":{"start":{"line":122,"column":25},"end":{"line":122,"column":26}},"loc":{"start":{"line":122,"column":36},"end":{"line":124,"column":7}},"line":122},"23":{"name":"(anonymous_23)","decl":{"start":{"line":126,"column":12},"end":{"line":126,"column":13}},"loc":{"start":{"line":126,"column":20},"end":{"line":126,"column":32}},"line":126}},"branchMap":{"0":{"loc":{"start":{"line":34,"column":2},"end":{"line":39,"column":3}},"type":"if","locations":[{"start":{"line":34,"column":2},"end":{"line":39,"column":3}},{"start":{},"end":{}}],"line":34},"1":{"loc":{"start":{"line":35,"column":4},"end":{"line":36,"column":40}},"type":"binary-expr","locations":[{"start":{"line":35,"column":4},"end":{"line":35,"column":40}},{"start":{"line":36,"column":4},"end":{"line":36,"column":40}}],"line":35},"2":{"loc":{"start":{"line":41,"column":2},"end":{"line":53,"column":3}},"type":"if","locations":[{"start":{"line":41,"column":2},"end":{"line":53,"column":3}},{"start":{"line":47,"column":9},"end":{"line":53,"column":3}}],"line":41},"3":{"loc":{"start":{"line":59,"column":6},"end":{"line":61,"column":7}},"type":"if","locations":[{"start":{"line":59,"column":6},"end":{"line":61,"column":7}},{"start":{},"end":{}}],"line":59},"4":{"loc":{"start":{"line":69,"column":2},"end":{"line":71,"column":3}},"type":"if","locations":[{"start":{"line":69,"column":2},"end":{"line":71,"column":3}},{"start":{},"end":{}}],"line":69},"5":{"loc":{"start":{"line":73,"column":2},"end":{"line":75,"column":3}},"type":"if","locations":[{"start":{"line":73,"column":2},"end":{"line":75,"column":3}},{"start":{},"end":{}}],"line":73},"6":{"loc":{"start":{"line":84,"column":2},"end":{"line":88,"column":3}},"type":"if","locations":[{"start":{"line":84,"column":2},"end":{"line":88,"column":3}},{"start":{},"end":{}}],"line":84},"7":{"loc":{"start":{"line":96,"column":8},"end":{"line":99,"column":50}},"type":"binary-expr","locations":[{"start":{"line":96,"column":8},"end":{"line":96,"column":44}},{"start":{"line":97,"column":9},"end":{"line":97,"column":18}},{"start":{"line":98,"column":11},"end":{"line":98,"column":47}},{"start":{"line":99,"column":12},"end":{"line":99,"column":48}}],"line":96},"8":{"loc":{"start":{"line":114,"column":9},"end":{"line":114,"column":35}},"type":"binary-expr","locations":[{"start":{"line":114,"column":9},"end":{"line":114,"column":20}},{"start":{"line":114,"column":24},"end":{"line":114,"column":35}}],"line":114}},"s":{"0":1,"1":1,"2":2,"3":4,"4":3,"5":6,"6":12,"7":1,"8":1,"9":0,"10":1,"11":0,"12":1,"13":1,"14":2,"15":4,"16":1,"17":3,"18":0,"19":0,"20":0,"21":0,"22":0,"23":0,"24":0,"25":0,"26":0,"27":0,"28":0,"29":0,"30":0,"31":0,"32":0,"33":0,"34":0,"35":0,"36":0,"37":8,"38":0,"39":0,"40":0,"41":0,"42":0},"f":{"0":1,"1":2,"2":4,"3":3,"4":6,"5":12,"6":1,"7":1,"8":2,"9":4,"10":0,"11":0,"12":0,"13":0,"14":0,"15":0,"16":0,"17":0,"18":0,"19":8,"20":0,"21":0,"22":0,"23":0},"b":{"0":[0,1],"1":[1,0],"2":[0,1],"3":[1,3],"4":[0,0],"5":[0,0],"6":[0,0],"7":[0,0,0,0],"8":[8,4]},"_coverageSchema":"1a1c01bbd47fc00a2c39e90264f33305004495a9","hash":"a1c2f5c06776f4f625c30882013d23ff178ea1f9"}
}
