TN:
SF:minesweeper.js
FN:11,createBoard
FN:12,(anonymous_1)
FN:13,(anonymous_2)
FN:24,markedTilesCount
FN:25,(anonymous_4)
FN:27,(anonymous_5)
FN:32,markTile
FN:56,replaceTile
FN:57,(anonymous_8)
FN:58,(anonymous_9)
FN:67,revealTile
FN:78,(anonymous_11)
FN:85,(anonymous_12)
FN:92,checkWin
FN:93,(anonymous_14)
FN:94,(anonymous_15)
FN:105,checkLose
FN:106,(anonymous_17)
FN:107,(anonymous_18)
FN:113,positionMatch
FN:117,nearbyTiles
FN:121,(anonymous_21)
FN:122,(anonymous_22)
FN:126,(anonymous_23)
FNF:24
FNH:11
FNDA:1,createBoard
FNDA:2,(anonymous_1)
FNDA:4,(anonymous_2)
FNDA:3,markedTilesCount
FNDA:6,(anonymous_4)
FNDA:12,(anonymous_5)
FNDA:1,markTile
FNDA:1,replaceTile
FNDA:2,(anonymous_8)
FNDA:4,(anonymous_9)
FNDA:0,revealTile
FNDA:0,(anonymous_11)
FNDA:0,(anonymous_12)
FNDA:0,checkWin
FNDA:0,(anonymous_14)
FNDA:0,(anonymous_15)
FNDA:0,checkLose
FNDA:0,(anonymous_17)
FNDA:0,(anonymous_18)
FNDA:8,positionMatch
FNDA:0,nearbyTiles
FNDA:0,(anonymous_21)
FNDA:0,(anonymous_22)
FNDA:0,(anonymous_23)
DA:4,1
DA:12,1
DA:13,2
DA:14,4
DA:25,3
DA:26,6
DA:27,12
DA:33,1
DA:34,1
DA:38,0
DA:41,1
DA:42,0
DA:48,1
DA:57,1
DA:58,2
DA:59,4
DA:60,1
DA:62,3
DA:68,0
DA:69,0
DA:70,0
DA:73,0
DA:74,0
DA:77,0
DA:78,0
DA:79,0
DA:84,0
DA:85,0
DA:86,0
DA:89,0
DA:93,0
DA:94,0
DA:95,0
DA:106,0
DA:107,0
DA:108,0
DA:114,8
DA:118,0
DA:120,0
DA:122,0
DA:123,0
DA:126,0
LF:42
LH:17
BRDA:34,0,0,0
BRDA:34,0,1,1
BRDA:35,1,0,1
BRDA:35,1,1,0
BRDA:41,2,0,0
BRDA:41,2,1,1
BRDA:59,3,0,1
BRDA:59,3,1,3
BRDA:69,4,0,0
BRDA:69,4,1,0
BRDA:73,5,0,0
BRDA:73,5,1,0
BRDA:84,6,0,0
BRDA:84,6,1,0
BRDA:96,7,0,0
BRDA:96,7,1,0
BRDA:96,7,2,0
BRDA:96,7,3,0
BRDA:114,8,0,8
BRDA:114,8,1,4
BRF:20
BRH:7
end_of_record
