TN:
SF:minesweeper.js
FN:11,createBoard
FN:12,(anonymous_1)
FN:13,(anonymous_2)
FN:24,markedTilesCount
FN:25,(anonymous_4)
FN:27,(anonymous_5)
FN:32,markTile
FN:56,replaceTile
FN:57,(anonymous_8)
FN:58,(anonymous_9)
FN:67,revealTile
FN:78,(anonymous_11)
FN:85,(anonymous_12)
FN:92,checkWin
FN:93,(anonymous_14)
FN:94,(anonymous_15)
FN:105,checkLose
FN:106,(anonymous_17)
FN:107,(anonymous_18)
FN:113,positionMatch
FN:117,nearbyTiles
FN:121,(anonymous_21)
FN:122,(anonymous_22)
FN:126,(anonymous_23)
FNF:24
FNH:24
FNDA:1,createBoard
FNDA:2,(anonymous_1)
FNDA:4,(anonymous_2)
FNDA:3,markedTilesCount
FNDA:6,(anonymous_4)
FNDA:12,(anonymous_5)
FNDA:4,markTile
FNDA:12,replaceTile
FNDA:32,(anonymous_8)
FNDA:88,(anonymous_9)
FNDA:30,revealTile
FNDA:49,(anonymous_11)
FNDA:24,(anonymous_12)
FNDA:2,checkWin
FNDA:4,(anonymous_14)
FNDA:7,(anonymous_15)
FNDA:2,checkLose
FNDA:3,(anonymous_17)
FNDA:5,(anonymous_18)
FNDA:94,positionMatch
FNDA:9,nearbyTiles
FNDA:27,(anonymous_21)
FNDA:81,(anonymous_22)
FNDA:81,(anonymous_23)
DA:4,1
DA:12,1
DA:13,2
DA:14,4
DA:25,3
DA:26,6
DA:27,12
DA:33,4
DA:34,4
DA:38,2
DA:41,2
DA:42,1
DA:48,1
DA:57,12
DA:58,32
DA:59,88
DA:60,12
DA:62,76
DA:68,30
DA:69,30
DA:70,20
DA:73,10
DA:74,1
DA:77,9
DA:78,49
DA:79,9
DA:84,9
DA:85,5
DA:86,24
DA:89,4
DA:93,2
DA:94,4
DA:95,7
DA:106,2
DA:107,3
DA:108,5
DA:114,94
DA:118,9
DA:120,9
DA:122,27
DA:123,81
DA:126,81
LF:42
LH:42
BRDA:34,0,0,2
BRDA:34,0,1,2
BRDA:35,1,0,4
BRDA:35,1,1,3
BRDA:41,2,0,1
BRDA:41,2,1,1
BRDA:59,3,0,12
BRDA:59,3,1,76
BRDA:69,4,0,20
BRDA:69,4,1,10
BRDA:73,5,0,1
BRDA:73,5,1,9
BRDA:84,6,0,5
BRDA:84,6,1,4
BRDA:96,7,0,7
BRDA:96,7,1,5
BRDA:96,7,2,4
BRDA:96,7,3,2
BRDA:114,8,0,94
BRDA:114,8,1,36
BRF:20
BRH:20
end_of_record
