{"/Users/vladkalachev/Desktop/dev/JavaScript-Simplified-Advanced-Projects/15-Math-Solver/parse.js": {"path":"/Users/vladkalachev/Desktop/dev/JavaScript-Simplified-Advanced-Projects/15-Math-Solver/parse.js","statementMap":{"0":{"start":{"line":1,"column":26},"end":{"line":1,"column":53}},"1":{"start":{"line":2,"column":30},"end":{"line":2,"column":90}},"2":{"start":{"line":3,"column":23},"end":{"line":3,"column":79}},"3":{"start":{"line":4,"column":27},"end":{"line":4,"column":93}},"4":{"start":{"line":7,"column":2},"end":{"line":26,"column":3}},"5":{"start":{"line":8,"column":24},"end":{"line":8,"column":73}},"6":{"start":{"line":9,"column":19},"end":{"line":9,"column":37}},"7":{"start":{"line":10,"column":24},"end":{"line":10,"column":67}},"8":{"start":{"line":11,"column":4},"end":{"line":11,"column":29}},"9":{"start":{"line":12,"column":9},"end":{"line":26,"column":3}},"10":{"start":{"line":13,"column":19},"end":{"line":13,"column":68}},"11":{"start":{"line":14,"column":24},"end":{"line":14,"column":64}},"12":{"start":{"line":15,"column":4},"end":{"line":15,"column":29}},"13":{"start":{"line":16,"column":9},"end":{"line":26,"column":3}},"14":{"start":{"line":17,"column":19},"end":{"line":17,"column":75}},"15":{"start":{"line":18,"column":24},"end":{"line":18,"column":71}},"16":{"start":{"line":19,"column":4},"end":{"line":19,"column":29}},"17":{"start":{"line":20,"column":9},"end":{"line":26,"column":3}},"18":{"start":{"line":21,"column":19},"end":{"line":21,"column":72}},"19":{"start":{"line":22,"column":24},"end":{"line":22,"column":68}},"20":{"start":{"line":23,"column":4},"end":{"line":23,"column":29}},"21":{"start":{"line":25,"column":4},"end":{"line":25,"column":31}},"22":{"start":{"line":30,"column":17},"end":{"line":30,"column":37}},"23":{"start":{"line":31,"column":18},"end":{"line":31,"column":38}},"24":{"start":{"line":33,"column":2},"end":{"line":44,"column":3}},"25":{"start":{"line":35,"column":6},"end":{"line":35,"column":30}},"26":{"start":{"line":37,"column":6},"end":{"line":37,"column":30}},"27":{"start":{"line":39,"column":6},"end":{"line":39,"column":30}},"28":{"start":{"line":41,"column":6},"end":{"line":41,"column":30}},"29":{"start":{"line":43,"column":6},"end":{"line":43,"column":31}}},"fnMap":{"0":{"name":"parse","decl":{"start":{"line":6,"column":24},"end":{"line":6,"column":29}},"loc":{"start":{"line":6,"column":40},"end":{"line":27,"column":1}},"line":6},"1":{"name":"handleMath","decl":{"start":{"line":29,"column":9},"end":{"line":29,"column":19}},"loc":{"start":{"line":29,"column":55},"end":{"line":45,"column":1}},"line":29}},"branchMap":{"0":{"loc":{"start":{"line":7,"column":2},"end":{"line":26,"column":3}},"type":"if","locations":[{"start":{"line":7,"column":2},"end":{"line":26,"column":3}},{"start":{"line":12,"column":9},"end":{"line":26,"column":3}}],"line":7},"1":{"loc":{"start":{"line":12,"column":9},"end":{"line":26,"column":3}},"type":"if","locations":[{"start":{"line":12,"column":9},"end":{"line":26,"column":3}},{"start":{"line":16,"column":9},"end":{"line":26,"column":3}}],"line":12},"2":{"loc":{"start":{"line":16,"column":9},"end":{"line":26,"column":3}},"type":"if","locations":[{"start":{"line":16,"column":9},"end":{"line":26,"column":3}},{"start":{"line":20,"column":9},"end":{"line":26,"column":3}}],"line":16},"3":{"loc":{"start":{"line":20,"column":9},"end":{"line":26,"column":3}},"type":"if","locations":[{"start":{"line":20,"column":9},"end":{"line":26,"column":3}},{"start":{"line":24,"column":9},"end":{"line":26,"column":3}}],"line":20},"4":{"loc":{"start":{"line":33,"column":2},"end":{"line":44,"column":3}},"type":"switch","locations":[{"start":{"line":34,"column":6},"end":{"line":35,"column":30}},{"start":{"line":36,"column":6},"end":{"line":37,"column":30}},{"start":{"line":38,"column":6},"end":{"line":39,"column":30}},{"start":{"line":40,"column":6},"end":{"line":41,"column":30}},{"start":{"line":42,"column":6},"end":{"line":43,"column":31}}],"line":33}},"s":{"0":1,"1":1,"2":1,"3":1,"4":2,"5":0,"6":0,"7":0,"8":0,"9":2,"10":0,"11":0,"12":0,"13":2,"14":0,"15":0,"16":0,"17":2,"18":1,"19":1,"20":1,"21":1,"22":1,"23":1,"24":1,"25":0,"26":0,"27":1,"28":0,"29":0},"f":{"0":2,"1":1},"b":{"0":[0,2],"1":[0,2],"2":[0,2],"3":[1,1],"4":[0,0,1,0,0]},"_coverageSchema":"1a1c01bbd47fc00a2c39e90264f33305004495a9","hash":"d8cd8d802c4d113d5a8ea26ff691d6a2e5cf5c85"}
}
