TN:
SF:parse.js
FN:6,parse
FN:29,handleMath
FNF:2
FNH:2
FNDA:2,parse
FNDA:1,handleMath
DA:1,1
DA:2,1
DA:3,1
DA:4,1
DA:7,2
DA:8,0
DA:9,0
DA:10,0
DA:11,0
DA:12,2
DA:13,0
DA:14,0
DA:15,0
DA:16,2
DA:17,0
DA:18,0
DA:19,0
DA:20,2
DA:21,1
DA:22,1
DA:23,1
DA:25,1
DA:30,1
DA:31,1
DA:33,1
DA:35,0
DA:37,0
DA:39,1
DA:41,0
DA:43,0
LF:30
LH:16
BRDA:7,0,0,0
BRDA:7,0,1,2
BRDA:12,1,0,0
BRDA:12,1,1,2
BRDA:16,2,0,0
BRDA:16,2,1,2
BRDA:20,3,0,1
BRDA:20,3,1,1
BRDA:33,4,0,0
BRDA:33,4,1,0
BRDA:33,4,2,1
BRDA:33,4,3,0
BRDA:33,4,4,0
BRF:13
BRH:6
end_of_record
