{"/Users/vladkalachev/Desktop/dev/JavaScript-Simplified-Advanced-Projects/13-Minesweeper/minesweeper.js": {"path":"/Users/vladkalachev/Desktop/dev/JavaScript-Simplified-Advanced-Projects/13-Minesweeper/minesweeper.js","statementMap":{"0":{"start":{"line":3,"column":29},"end":{"line":8,"column":1}},"1":{"start":{"line":11,"column":16},"end":{"line":11,"column":18}},"2":{"start":{"line":12,"column":24},"end":{"line":12,"column":66}},"3":{"start":{"line":14,"column":2},"end":{"line":36,"column":3}},"4":{"start":{"line":14,"column":15},"end":{"line":14,"column":16}},"5":{"start":{"line":15,"column":16},"end":{"line":15,"column":18}},"6":{"start":{"line":16,"column":4},"end":{"line":34,"column":5}},"7":{"start":{"line":16,"column":17},"end":{"line":16,"column":18}},"8":{"start":{"line":17,"column":22},"end":{"line":17,"column":51}},"9":{"start":{"line":18,"column":6},"end":{"line":18,"column":51}},"10":{"start":{"line":20,"column":19},"end":{"line":31,"column":7}},"11":{"start":{"line":26,"column":10},"end":{"line":26,"column":39}},"12":{"start":{"line":29,"column":10},"end":{"line":29,"column":45}},"13":{"start":{"line":33,"column":6},"end":{"line":33,"column":20}},"14":{"start":{"line":35,"column":4},"end":{"line":35,"column":19}},"15":{"start":{"line":37,"column":2},"end":{"line":37,"column":14}},"16":{"start":{"line":41,"column":2},"end":{"line":43,"column":3}},"17":{"start":{"line":42,"column":4},"end":{"line":42,"column":10}},"18":{"start":{"line":45,"column":2},"end":{"line":49,"column":3}},"19":{"start":{"line":46,"column":4},"end":{"line":46,"column":38}},"20":{"start":{"line":48,"column":4},"end":{"line":48,"column":38}},"21":{"start":{"line":53,"column":2},"end":{"line":55,"column":3}},"22":{"start":{"line":54,"column":4},"end":{"line":54,"column":10}},"23":{"start":{"line":57,"column":2},"end":{"line":60,"column":3}},"24":{"start":{"line":58,"column":4},"end":{"line":58,"column":36}},"25":{"start":{"line":59,"column":4},"end":{"line":59,"column":10}},"26":{"start":{"line":62,"column":2},"end":{"line":62,"column":36}},"27":{"start":{"line":63,"column":24},"end":{"line":63,"column":48}},"28":{"start":{"line":64,"column":16},"end":{"line":64,"column":49}},"29":{"start":{"line":64,"column":42},"end":{"line":64,"column":48}},"30":{"start":{"line":65,"column":2},"end":{"line":69,"column":3}},"31":{"start":{"line":66,"column":4},"end":{"line":66,"column":55}},"32":{"start":{"line":68,"column":4},"end":{"line":68,"column":43}},"33":{"start":{"line":73,"column":2},"end":{"line":77,"column":4}},"34":{"start":{"line":74,"column":4},"end":{"line":76,"column":6}},"35":{"start":{"line":75,"column":6},"end":{"line":75,"column":144}},"36":{"start":{"line":81,"column":2},"end":{"line":85,"column":4}},"37":{"start":{"line":82,"column":4},"end":{"line":84,"column":6}},"38":{"start":{"line":83,"column":6},"end":{"line":83,"column":47}},"39":{"start":{"line":89,"column":20},"end":{"line":89,"column":22}},"40":{"start":{"line":91,"column":2},"end":{"line":99,"column":3}},"41":{"start":{"line":92,"column":21},"end":{"line":95,"column":5}},"42":{"start":{"line":96,"column":4},"end":{"line":98,"column":5}},"43":{"start":{"line":97,"column":6},"end":{"line":97,"column":30}},"44":{"start":{"line":101,"column":2},"end":{"line":101,"column":19}},"45":{"start":{"line":105,"column":2},"end":{"line":105,"column":35}},"46":{"start":{"line":109,"column":2},"end":{"line":109,"column":41}},"47":{"start":{"line":113,"column":17},"end":{"line":113,"column":19}},"48":{"start":{"line":115,"column":2},"end":{"line":120,"column":3}},"49":{"start":{"line":115,"column":21},"end":{"line":115,"column":23}},"50":{"start":{"line":116,"column":4},"end":{"line":119,"column":5}},"51":{"start":{"line":116,"column":23},"end":{"line":116,"column":25}},"52":{"start":{"line":117,"column":19},"end":{"line":117,"column":52}},"53":{"start":{"line":118,"column":6},"end":{"line":118,"column":31}},"54":{"start":{"line":118,"column":15},"end":{"line":118,"column":31}},"55":{"start":{"line":122,"column":2},"end":{"line":122,"column":14}}},"fnMap":{"0":{"name":"createBoard","decl":{"start":{"line":10,"column":16},"end":{"line":10,"column":27}},"loc":{"start":{"line":10,"column":54},"end":{"line":38,"column":1}},"line":10},"1":{"name":"(anonymous_1)","decl":{"start":{"line":25,"column":8},"end":{"line":25,"column":9}},"loc":{"start":{"line":25,"column":21},"end":{"line":27,"column":9}},"line":25},"2":{"name":"(anonymous_2)","decl":{"start":{"line":28,"column":8},"end":{"line":28,"column":9}},"loc":{"start":{"line":28,"column":26},"end":{"line":30,"column":9}},"line":28},"3":{"name":"markTile","decl":{"start":{"line":40,"column":16},"end":{"line":40,"column":24}},"loc":{"start":{"line":40,"column":31},"end":{"line":50,"column":1}},"line":40},"4":{"name":"revealTile","decl":{"start":{"line":52,"column":16},"end":{"line":52,"column":26}},"loc":{"start":{"line":52,"column":40},"end":{"line":70,"column":1}},"line":52},"5":{"name":"(anonymous_5)","decl":{"start":{"line":64,"column":37},"end":{"line":64,"column":38}},"loc":{"start":{"line":64,"column":42},"end":{"line":64,"column":48}},"line":64},"6":{"name":"checkWin","decl":{"start":{"line":72,"column":16},"end":{"line":72,"column":24}},"loc":{"start":{"line":72,"column":32},"end":{"line":78,"column":1}},"line":72},"7":{"name":"(anonymous_7)","decl":{"start":{"line":73,"column":21},"end":{"line":73,"column":22}},"loc":{"start":{"line":73,"column":28},"end":{"line":77,"column":3}},"line":73},"8":{"name":"(anonymous_8)","decl":{"start":{"line":74,"column":21},"end":{"line":74,"column":22}},"loc":{"start":{"line":74,"column":29},"end":{"line":76,"column":5}},"line":74},"9":{"name":"checkLose","decl":{"start":{"line":80,"column":16},"end":{"line":80,"column":25}},"loc":{"start":{"line":80,"column":33},"end":{"line":86,"column":1}},"line":80},"10":{"name":"(anonymous_10)","decl":{"start":{"line":81,"column":20},"end":{"line":81,"column":21}},"loc":{"start":{"line":81,"column":27},"end":{"line":85,"column":3}},"line":81},"11":{"name":"(anonymous_11)","decl":{"start":{"line":82,"column":20},"end":{"line":82,"column":21}},"loc":{"start":{"line":82,"column":28},"end":{"line":84,"column":5}},"line":82},"12":{"name":"getMinePositions","decl":{"start":{"line":88,"column":9},"end":{"line":88,"column":25}},"loc":{"start":{"line":88,"column":52},"end":{"line":102,"column":1}},"line":88},"13":{"name":"positionMatch","decl":{"start":{"line":104,"column":9},"end":{"line":104,"column":22}},"loc":{"start":{"line":104,"column":29},"end":{"line":106,"column":1}},"line":104},"14":{"name":"randomNumber","decl":{"start":{"line":108,"column":9},"end":{"line":108,"column":21}},"loc":{"start":{"line":108,"column":28},"end":{"line":110,"column":1}},"line":108},"15":{"name":"nearbyTiles","decl":{"start":{"line":112,"column":9},"end":{"line":112,"column":20}},"loc":{"start":{"line":112,"column":38},"end":{"line":123,"column":1}},"line":112}},"branchMap":{"0":{"loc":{"start":{"line":41,"column":2},"end":{"line":43,"column":3}},"type":"if","locations":[{"start":{"line":41,"column":2},"end":{"line":43,"column":3}},{"start":{},"end":{}}],"line":41},"1":{"loc":{"start":{"line":41,"column":5},"end":{"line":41,"column":81}},"type":"binary-expr","locations":[{"start":{"line":41,"column":5},"end":{"line":41,"column":41}},{"start":{"line":41,"column":45},"end":{"line":41,"column":81}}],"line":41},"2":{"loc":{"start":{"line":45,"column":2},"end":{"line":49,"column":3}},"type":"if","locations":[{"start":{"line":45,"column":2},"end":{"line":49,"column":3}},{"start":{"line":47,"column":9},"end":{"line":49,"column":3}}],"line":45},"3":{"loc":{"start":{"line":53,"column":2},"end":{"line":55,"column":3}},"type":"if","locations":[{"start":{"line":53,"column":2},"end":{"line":55,"column":3}},{"start":{},"end":{}}],"line":53},"4":{"loc":{"start":{"line":57,"column":2},"end":{"line":60,"column":3}},"type":"if","locations":[{"start":{"line":57,"column":2},"end":{"line":60,"column":3}},{"start":{},"end":{}}],"line":57},"5":{"loc":{"start":{"line":65,"column":2},"end":{"line":69,"column":3}},"type":"if","locations":[{"start":{"line":65,"column":2},"end":{"line":69,"column":3}},{"start":{"line":67,"column":9},"end":{"line":69,"column":3}}],"line":65},"6":{"loc":{"start":{"line":75,"column":13},"end":{"line":75,"column":144}},"type":"binary-expr","locations":[{"start":{"line":75,"column":13},"end":{"line":75,"column":49}},{"start":{"line":75,"column":54},"end":{"line":75,"column":63}},{"start":{"line":75,"column":67},"end":{"line":75,"column":103}},{"start":{"line":75,"column":107},"end":{"line":75,"column":143}}],"line":75},"7":{"loc":{"start":{"line":96,"column":4},"end":{"line":98,"column":5}},"type":"if","locations":[{"start":{"line":96,"column":4},"end":{"line":98,"column":5}},{"start":{},"end":{}}],"line":96},"8":{"loc":{"start":{"line":105,"column":9},"end":{"line":105,"column":35}},"type":"binary-expr","locations":[{"start":{"line":105,"column":9},"end":{"line":105,"column":20}},{"start":{"line":105,"column":24},"end":{"line":105,"column":35}}],"line":105},"9":{"loc":{"start":{"line":118,"column":6},"end":{"line":118,"column":31}},"type":"if","locations":[{"start":{"line":118,"column":6},"end":{"line":118,"column":31}},{"start":{},"end":{}}],"line":118}},"s":{"0":1,"1":1,"2":1,"3":1,"4":1,"5":1,"6":1,"7":1,"8":1,"9":0,"10":0,"11":0,"12":0,"13":0,"14":0,"15":0,"16":0,"17":0,"18":0,"19":0,"20":0,"21":0,"22":0,"23":0,"24":0,"25":0,"26":0,"27":0,"28":0,"29":0,"30":0,"31":0,"32":0,"33":0,"34":0,"35":0,"36":0,"37":0,"38":0,"39":1,"40":1,"41":0,"42":0,"43":0,"44":1,"45":0,"46":0,"47":0,"48":0,"49":0,"50":0,"51":0,"52":0,"53":0,"54":0,"55":0},"f":{"0":1,"1":0,"2":0,"3":0,"4":0,"5":0,"6":0,"7":0,"8":0,"9":0,"10":0,"11":0,"12":1,"13":0,"14":0,"15":0},"b":{"0":[0,0],"1":[0,0],"2":[0,0],"3":[0,0],"4":[0,0],"5":[0,0],"6":[0,0,0,0],"7":[0,0],"8":[0,0],"9":[0,0]},"_coverageSchema":"1a1c01bbd47fc00a2c39e90264f33305004495a9","hash":"ee1d8b0bad6a4870d55165894425f4c7ac46e4af"}
}
