TN:
SF:minesweeper.js
FN:10,createBoard
FN:25,(anonymous_1)
FN:28,(anonymous_2)
FN:40,markTile
FN:52,revealTile
FN:64,(anonymous_5)
FN:72,checkWin
FN:73,(anonymous_7)
FN:74,(anonymous_8)
FN:80,checkLose
FN:81,(anonymous_10)
FN:82,(anonymous_11)
FN:88,getMinePositions
FN:104,positionMatch
FN:108,randomNumber
FN:112,nearbyTiles
FNF:16
FNH:2
FNDA:1,createBoard
FNDA:0,(anonymous_1)
FNDA:0,(anonymous_2)
FNDA:0,markTile
FNDA:0,revealTile
FNDA:0,(anonymous_5)
FNDA:0,checkWin
FNDA:0,(anonymous_7)
FNDA:0,(anonymous_8)
FNDA:0,checkLose
FNDA:0,(anonymous_10)
FNDA:0,(anonymous_11)
FNDA:1,getMinePositions
FNDA:0,positionMatch
FNDA:0,randomNumber
FNDA:0,nearbyTiles
DA:3,1
DA:11,1
DA:12,1
DA:14,1
DA:15,1
DA:16,1
DA:17,1
DA:18,0
DA:20,0
DA:26,0
DA:29,0
DA:33,0
DA:35,0
DA:37,0
DA:41,0
DA:42,0
DA:45,0
DA:46,0
DA:48,0
DA:53,0
DA:54,0
DA:57,0
DA:58,0
DA:59,0
DA:62,0
DA:63,0
DA:64,0
DA:65,0
DA:66,0
DA:68,0
DA:73,0
DA:74,0
DA:75,0
DA:81,0
DA:82,0
DA:83,0
DA:89,1
DA:91,1
DA:92,0
DA:96,0
DA:97,0
DA:101,1
DA:105,0
DA:109,0
DA:113,0
DA:115,0
DA:116,0
DA:117,0
DA:118,0
DA:122,0
LF:50
LH:10
BRDA:41,0,0,0
BRDA:41,0,1,0
BRDA:41,1,0,0
BRDA:41,1,1,0
BRDA:45,2,0,0
BRDA:45,2,1,0
BRDA:53,3,0,0
BRDA:53,3,1,0
BRDA:57,4,0,0
BRDA:57,4,1,0
BRDA:65,5,0,0
BRDA:65,5,1,0
BRDA:75,6,0,0
BRDA:75,6,1,0
BRDA:75,6,2,0
BRDA:75,6,3,0
BRDA:96,7,0,0
BRDA:96,7,1,0
BRDA:105,8,0,0
BRDA:105,8,1,0
BRDA:118,9,0,0
BRDA:118,9,1,0
BRF:22
BRH:0
end_of_record
