<?xml version="1.0" encoding="UTF-8"?>
<coverage generated="1635874556589" clover="3.2.0">
  <project timestamp="1635874556589" name="All files">
    <metrics statements="31" coveredstatements="26" conditionals="6" coveredconditionals="3" methods="14" coveredmethods="12" elements="51" coveredelements="41" complexity="0" loc="31" ncloc="31" packages="1" files="2" classes="2"/>
    <file name="Account.js" path="/Users/vladkalachev/Desktop/dev/JavaScript-Simplified-Advanced-Projects/26-ATM-CLI-project/Account.js">
      <metrics statements="21" coveredstatements="16" conditionals="2" coveredconditionals="0" methods="8" coveredmethods="6"/>
      <line num="1" count="1" type="stmt"/>
      <line num="3" count="1" type="stmt"/>
      <line num="5" count="3" type="stmt"/>
      <line num="12" count="6" type="stmt"/>
      <line num="16" count="2" type="stmt"/>
      <line num="20" count="4" type="stmt"/>
      <line num="24" count="2" type="stmt"/>
      <line num="28" count="0" type="cond" truecount="0" falsecount="2"/>
      <line num="29" count="0" type="stmt"/>
      <line num="30" count="0" type="stmt"/>
      <line num="34" count="0" type="stmt"/>
      <line num="35" count="0" type="stmt"/>
      <line num="39" count="2" type="stmt"/>
      <line num="41" count="2" type="stmt"/>
      <line num="42" count="2" type="stmt"/>
      <line num="43" count="1" type="stmt"/>
      <line num="45" count="1" type="stmt"/>
      <line num="50" count="1" type="stmt"/>
      <line num="52" count="1" type="stmt"/>
      <line num="53" count="1" type="stmt"/>
      <line num="55" count="1" type="stmt"/>
    </file>
    <file name="FileSystem.js" path="/Users/vladkalachev/Desktop/dev/JavaScript-Simplified-Advanced-Projects/26-ATM-CLI-project/FileSystem.js">
      <metrics statements="10" coveredstatements="10" conditionals="4" coveredconditionals="3" methods="6" coveredmethods="6"/>
      <line num="1" count="1" type="stmt"/>
      <line num="3" count="1" type="stmt"/>
      <line num="5" count="2" type="stmt"/>
      <line num="6" count="2" type="stmt"/>
      <line num="7" count="2" type="cond" truecount="2" falsecount="0"/>
      <line num="8" count="1" type="stmt"/>
      <line num="14" count="1" type="stmt"/>
      <line num="15" count="1" type="stmt"/>
      <line num="16" count="1" type="cond" truecount="1" falsecount="1"/>
      <line num="17" count="1" type="stmt"/>
    </file>
  </project>
</coverage>
